#
# A fatal error has been detected by the Java Runtime Environment:
#
#  SIGSEGV (0xb) at pc=0x000000010c7f49a0, pid=1696, tid=18951
#
# JRE version: Java(TM) SE Runtime Environment (8.0-b132) (build 1.8.0-b132)
# Java VM: Java HotSpot(TM) 64-Bit Server VM (25.0-b70 mixed mode bsd-amd64 compressed oops)
# Problematic frame:
# V  [libjvm.dylib+0x40b9a0]  Method::checked_resolve_jmethod_id(_jmethodID*)+0xe
#
# Failed to write core dump. Core dumps have been disabled. To enable core dumping, try "ulimit -c unlimited" before starting Java again
#
# If you would like to submit a bug report, please visit:
#   http://bugreport.sun.com/bugreport/crash.jsp
#

---------------  T H R E A D  ---------------

Current thread (0x00007fb844802000):  JavaThread "JDWP Transport Listener: dt_socket" daemon [_thread_in_vm, id=18951, stack(0x000070000314d000,0x000070000324d000)]

siginfo:si_signo=SIGSEGV: si_errno=0, si_code=0 (SEGV0), si_addr=0x0000000000000000

Registers:
RAX=0x0000000000000001, RBX=0x000070000324cb4b, RCX=0x000000010cb98780, RDX=0x000070000324cb4b
RSP=0x000070000324ca90, RBP=0x000070000324caa0, RSI=0x00007fb844802000, RDI=0x466e6f6974630008
R8 =0x000007fb84370d1e, R9 =0x0000000000000008, R10=0x00007fb843700000, R11=0x0000000000000000
R12=0x00007fb844802000, R13=0x466e6f6974630008, R14=0x466e6f6974630008, R15=0x00007fb84340c140
RIP=0x000000010c7f49a0, EFLAGS=0x0000000000010202, ERR=0x0000000000000000
  TRAPNO=0x000000000000000d

Top of Stack: (sp=0x000070000324ca90)
0x000070000324ca90:   000070000324cb4b 000070000324cb4b
0x000070000324caa0:   000070000324cb00 000000010c70dcee
0x000070000324cab0:   00007fb844802000 0000000000000000
0x000070000324cac0:   0000000000000000 0000000000000000
0x000070000324cad0:   00007fb844802000 00007fb844802000
0x000070000324cae0:   000070000324cb4b 000070000324cb50
0x000070000324caf0:   466e6f6974630008 0000000000000002
0x000070000324cb00:   000070000324cb20 000000010abbb7dc
0x000070000324cb10:   0000000000000001 000070000324cbc8
0x000070000324cb20:   000070000324cb90 000000010aba0263
0x000070000324cb30:   000070000324cb60 00007fb8483563f0
0x000070000324cb40:   0000000500000032 000000010024cbc8
0x000070000324cb50:   0000000000000000 0000000000000000
0x000070000324cb60:   0000000000000000 000070000324cd50
0x000070000324cb70:   000000010abc2eca 00007fb8483571b0
0x000070000324cb80:   000070000324cbc8 000000010abce588
0x000070000324cb90:   000070000324cba0 000000010aba035c
0x000070000324cba0:   000070000324cdc0 000000010aba98f6
0x000070000324cbb0:   0000e09b00000013 00000000000f0200
0x000070000324cbc0:   00007fb8483571f0 00007fb848357704
0x000070000324cbd0:   0000000000000234 00007fb848356420
0x000070000324cbe0:   000000000000012c 000070000324cc18
0x000070000324cbf0:   00007fb848356420 0000000000000000
0x000070000324cc00:   0000e09b0000001c 00007fb800002980
0x000070000324cc10:   000070000324cc18 b87f000005000000
0x000070000324cc20:   06000000f8de6143 00003e74696e693c
0x000070000324cc30:   0000005629280300 7f00000100000000
0x000070000324cc40:   00000000df6143b8 0000007974696304
0x000070000324cc50:   772f6d6f634c2870 2f72656874616568
0x000070000324cc60:   70722f72656b6f6a 442f6c65646f6d2f
0x000070000324cc70:   576e65704f617461 4c3b726568746165
0x000070000324cc80:   616568772f6d6f63 6b6f6a2f72656874 

Instructions: (pc=0x000000010c7f49a0)
0x000000010c7f4980:   40 48 48 85 c0 75 e0 30 c0 0f b6 c0 5d c3 31 c0
0x000000010c7f4990:   5d c3 55 48 89 e5 53 48 83 ec 08 48 85 ff 74 24
0x000000010c7f49a0:   48 8b 1f 48 85 db 74 1c 48 83 fb 37 74 16 48 8b
0x000000010c7f49b0:   03 48 89 df ff 50 08 84 c0 b8 00 00 00 00 48 0f 

Register to memory mapping:

RAX=0x0000000000000001 is an unknown value
RBX=0x000070000324cb4b is pointing into the stack for thread: 0x00007fb844802000
RCX=0x000000010cb98780: UseMembar+0 in /Library/Java/JavaVirtualMachines/jdk1.8.0.jdk/Contents/Home/jre/lib/server/libjvm.dylib at 0x000000010c3e9000
RDX=0x000070000324cb4b is pointing into the stack for thread: 0x00007fb844802000
RSP=0x000070000324ca90 is pointing into the stack for thread: 0x00007fb844802000
RBP=0x000070000324caa0 is pointing into the stack for thread: 0x00007fb844802000
RSI=0x00007fb844802000 is a thread
RDI=0x466e6f6974630008 is an unknown value
R8 =0x000007fb84370d1e is an unknown value
R9 =0x0000000000000008 is an unknown value
R10=0x00007fb843700000 is an unknown value
R11=0x0000000000000000 is an unknown value
R12=0x00007fb844802000 is a thread
R13=0x466e6f6974630008 is an unknown value
R14=0x466e6f6974630008 is an unknown value
R15=0x00007fb84340c140 is an unknown value


Stack: [0x000070000314d000,0x000070000324d000],  sp=0x000070000324ca90,  free space=1022k
Native frames: (J=compiled Java code, j=interpreted, Vv=VM code, C=native code)
V  [libjvm.dylib+0x40b9a0]  Method::checked_resolve_jmethod_id(_jmethodID*)+0xe
V  [libjvm.dylib+0x324cee]  jvmti_IsMethodSynthetic+0xb2
C  [libjdwp.dylib+0x207dc]  isMethodSynthetic+0x63
C  [libjdwp.dylib+0x5263]  methods1+0x10b
C  [libjdwp.dylib+0x535c]  methodsWithGeneric+0xe
C  [libjdwp.dylib+0xe8f6]  debugLoop_run+0x1ce
C  [libjdwp.dylib+0x1f716]  attachThread+0x4d
V  [libjvm.dylib+0x365d5e]  JvmtiAgentThread::call_start_function()+0x38
V  [libjvm.dylib+0x51d005]  JavaThread::thread_main_inner()+0x9b
V  [libjvm.dylib+0x51e742]  JavaThread::run()+0x1c2
V  [libjvm.dylib+0x445786]  java_start(Thread*)+0xf6
C  [libsystem_pthread.dylib+0x5d36]  _pthread_start+0x7d
C  [libsystem_pthread.dylib+0x258f]  thread_start+0xf


---------------  P R O C E S S  ---------------

Java Threads: ( => current thread )
  0x00007fb847acc000 JavaThread "DestroyJavaVM" [_thread_blocked, id=3331, stack(0x0000700002320000,0x0000700002420000)]
  0x00007fb8443f9800 JavaThread "http-nio-8080-Acceptor" daemon [_thread_in_native, id=80899, stack(0x000070000771c000,0x000070000781c000)]
  0x00007fb847a79800 JavaThread "http-nio-8080-ClientPoller" daemon [_thread_in_native, id=47107, stack(0x0000700007619000,0x0000700007719000)]
  0x00007fb847019800 JavaThread "http-nio-8080-exec-10" daemon [_thread_blocked, id=81411, stack(0x0000700007516000,0x0000700007616000)]
  0x00007fb8443f8000 JavaThread "http-nio-8080-exec-9" daemon [_thread_blocked, id=81923, stack(0x0000700007413000,0x0000700007513000)]
  0x00007fb847018800 JavaThread "http-nio-8080-exec-8" daemon [_thread_blocked, id=82179, stack(0x0000700007310000,0x0000700007410000)]
  0x00007fb847aea800 JavaThread "http-nio-8080-exec-7" daemon [_thread_blocked, id=82691, stack(0x000070000720d000,0x000070000730d000)]
  0x00007fb8460b1000 JavaThread "http-nio-8080-exec-6" daemon [_thread_blocked, id=82947, stack(0x000070000710a000,0x000070000720a000)]
  0x00007fb8451bc800 JavaThread "http-nio-8080-exec-5" daemon [_thread_blocked, id=83203, stack(0x0000700007007000,0x0000700007107000)]
  0x00007fb8460b0000 JavaThread "http-nio-8080-exec-4" daemon [_thread_blocked, id=46083, stack(0x0000700006f04000,0x0000700007004000)]
  0x00007fb8460af800 JavaThread "http-nio-8080-exec-3" daemon [_thread_blocked, id=45827, stack(0x0000700006e01000,0x0000700006f01000)]
  0x00007fb843ae1000 JavaThread "http-nio-8080-exec-2" daemon [_thread_blocked, id=45571, stack(0x0000700006cfe000,0x0000700006dfe000)]
  0x00007fb847018000 JavaThread "http-nio-8080-exec-1" daemon [_thread_blocked, id=45315, stack(0x0000700006bfb000,0x0000700006cfb000)]
  0x00007fb8443f9000 JavaThread "http-nio-8080-BlockPoller" daemon [_thread_in_native, id=84739, stack(0x0000700006af8000,0x0000700006bf8000)]
  0x00007fb844890000 JavaThread "DefaultMessageListenerContainer-5" [_thread_blocked, id=85251, stack(0x00007000069f5000,0x0000700006af5000)]
  0x00007fb847014800 JavaThread "DefaultMessageListenerContainer-4" [_thread_blocked, id=85763, stack(0x00007000068f2000,0x00007000069f2000)]
  0x00007fb84685b000 JavaThread "DefaultMessageListenerContainer-3" [_thread_blocked, id=45059, stack(0x00007000067ef000,0x00007000068ef000)]
  0x00007fb84488f000 JavaThread "DefaultMessageListenerContainer-2" [_thread_blocked, id=44547, stack(0x00007000066ec000,0x00007000067ec000)]
  0x00007fb843ad7800 JavaThread "DefaultMessageListenerContainer-1" [_thread_blocked, id=86275, stack(0x00007000065e9000,0x00007000066e9000)]
  0x00007fb847016000 JavaThread "Thread-3 (ActiveMQ-client-netty-threads)" daemon [_thread_in_native, id=44035, stack(0x00007000064e6000,0x00007000065e6000)]
  0x00007fb84685a000 JavaThread "DefaultMessageListenerContainer-5" [_thread_blocked, id=87043, stack(0x00007000063e3000,0x00007000064e3000)]
  0x00007fb84707a000 JavaThread "DefaultMessageListenerContainer-4" [_thread_blocked, id=43523, stack(0x00007000062e0000,0x00007000063e0000)]
  0x00007fb8451b6800 JavaThread "DefaultMessageListenerContainer-3" [_thread_blocked, id=32259, stack(0x00007000061dd000,0x00007000062dd000)]
  0x00007fb8451b5800 JavaThread "DefaultMessageListenerContainer-2" [_thread_blocked, id=32003, stack(0x00007000060da000,0x00007000061da000)]
  0x00007fb847077800 JavaThread "DefaultMessageListenerContainer-1" [_thread_blocked, id=31747, stack(0x0000700005fd7000,0x00007000060d7000)]
  0x00007fb8443f3800 JavaThread "Thread-4 (ActiveMQ-client-global-scheduled-threads)" daemon [_thread_blocked, id=33283, stack(0x0000700005ed4000,0x0000700005fd4000)]
  0x00007fb84488d000 JavaThread "Thread-2 (ActiveMQ-client-netty-threads)" daemon [_thread_in_native, id=33539, stack(0x0000700005dd1000,0x0000700005ed1000)]
  0x00007fb844857000 JavaThread "DefaultMessageListenerContainer-5" [_thread_blocked, id=33795, stack(0x0000700005cce000,0x0000700005dce000)]
  0x00007fb847aaa000 JavaThread "DefaultMessageListenerContainer-4" [_thread_blocked, id=30467, stack(0x0000700005bcb000,0x0000700005ccb000)]
  0x00007fb8460ab000 JavaThread "DefaultMessageListenerContainer-3" [_thread_blocked, id=34307, stack(0x0000700005ac8000,0x0000700005bc8000)]
  0x00007fb847079800 JavaThread "DefaultMessageListenerContainer-2" [_thread_blocked, id=34819, stack(0x00007000059c5000,0x0000700005ac5000)]
  0x00007fb847078800 JavaThread "DefaultMessageListenerContainer-1" [_thread_blocked, id=35075, stack(0x00007000058c2000,0x00007000059c2000)]
  0x00007fb845050800 JavaThread "Thread-3 (ActiveMQ-client-global-scheduled-threads)" daemon [_thread_blocked, id=35331, stack(0x00007000057bf000,0x00007000058bf000)]
  0x00007fb843d63800 JavaThread "Thread-2 (ActiveMQ-client-global-scheduled-threads)" daemon [_thread_blocked, id=35587, stack(0x00007000056bc000,0x00007000057bc000)]
  0x00007fb8444a3000 JavaThread "Thread-1 (ActiveMQ-client-netty-threads)" daemon [_thread_in_native, id=35843, stack(0x00007000055b9000,0x00007000056b9000)]
  0x00007fb847ced000 JavaThread "DefaultMessageListenerContainer-5" [_thread_blocked, id=29187, stack(0x00007000054b6000,0x00007000055b6000)]
  0x00007fb8444a2800 JavaThread "DefaultMessageListenerContainer-4" [_thread_blocked, id=28675, stack(0x00007000053b3000,0x00007000054b3000)]
  0x00007fb8443e5800 JavaThread "DefaultMessageListenerContainer-3" [_thread_blocked, id=28163, stack(0x00007000052b0000,0x00007000053b0000)]
  0x00007fb847d0d000 JavaThread "DefaultMessageListenerContainer-2" [_thread_blocked, id=36611, stack(0x00007000051ad000,0x00007000052ad000)]
  0x00007fb847aee800 JavaThread "DefaultMessageListenerContainer-1" [_thread_blocked, id=27655, stack(0x00007000050aa000,0x00007000051aa000)]
  0x00007fb843cc2000 JavaThread "Thread-1 (ActiveMQ-client-global-scheduled-threads)" daemon [_thread_blocked, id=26375, stack(0x0000700004ea4000,0x0000700004fa4000)]
  0x00007fb847cfe800 JavaThread "Thread-0 (ActiveMQ-client-global-scheduled-threads)" daemon [_thread_blocked, id=27143, stack(0x0000700004da1000,0x0000700004ea1000)]
  0x00007fb84531b000 JavaThread "Thread-0 (ActiveMQ-client-netty-threads)" daemon [_thread_in_native, id=19719, stack(0x0000700004c9e000,0x0000700004d9e000)]
  0x00007fb847cc9000 JavaThread "File Watcher" daemon [_thread_blocked, id=36871, stack(0x0000700004b9b000,0x0000700004c9b000)]
  0x00007fb84447e000 JavaThread "CleanCursors-1-thread-1" daemon [_thread_blocked, id=37383, stack(0x0000700004a98000,0x0000700004b98000)]
  0x00007fb843d4e800 JavaThread "cluster-ClusterId{value='5dc6a287b84dad0d912e8875', description='null'}-localhost:27017" daemon [_thread_blocked, id=38151, stack(0x0000700004995000,0x0000700004a95000)]
  0x00007fb8442d7800 JavaThread "container-0" [_thread_blocked, id=25859, stack(0x0000700004892000,0x0000700004992000)]
  0x00007fb845243800 JavaThread "Catalina-utility-2" [_thread_blocked, id=25347, stack(0x000070000478f000,0x000070000488f000)]
  0x00007fb8442c8000 JavaThread "Catalina-utility-1" [_thread_blocked, id=24331, stack(0x0000700004486000,0x0000700004586000)]
  0x00007fb84511f000 JavaThread "JMX server connection timeout 27" daemon [_thread_blocked, id=25091, stack(0x000070000468c000,0x000070000478c000)]
  0x00007fb844218000 JavaThread "RMI TCP Connection(idle)" daemon [_thread_blocked, id=24835, stack(0x0000700004589000,0x0000700004689000)]
  0x00007fb84420e000 JavaThread "JMX server connection timeout 24" daemon [_thread_blocked, id=39683, stack(0x0000700004383000,0x0000700004483000)]
  0x00007fb847ad2800 JavaThread "RMI TCP Connection(idle)" daemon [_thread_blocked, id=24067, stack(0x0000700004280000,0x0000700004380000)]
  0x00007fb847ad1800 JavaThread "RMI Scheduler(0)" daemon [_thread_blocked, id=23811, stack(0x000070000417d000,0x000070000427d000)]
  0x00007fb8439e4800 JavaThread "Attach Listener" daemon [_thread_blocked, id=41475, stack(0x0000700003d71000,0x0000700003e71000)]
  0x00007fb847a4b000 JavaThread "RMI TCP Accept-0" daemon [_thread_in_native, id=22531, stack(0x0000700003b6b000,0x0000700003c6b000)]
  0x00007fb8450af000 JavaThread "RMI TCP Accept-51053" daemon [_thread_in_native, id=42499, stack(0x0000700003a68000,0x0000700003b68000)]
  0x00007fb843989800 JavaThread "RMI TCP Accept-0" daemon [_thread_in_native, id=42755, stack(0x0000700003965000,0x0000700003a65000)]
  0x00007fb845031000 JavaThread "Service Thread" daemon [_thread_blocked, id=22019, stack(0x0000700003862000,0x0000700003962000)]
  0x00007fb84501e000 JavaThread "C1 CompilerThread3" daemon [_thread_blocked, id=21763, stack(0x000070000375f000,0x000070000385f000)]
  0x00007fb845008000 JavaThread "C2 CompilerThread2" daemon [_thread_blocked, id=16899, stack(0x000070000365c000,0x000070000375c000)]
  0x00007fb84501d000 JavaThread "C2 CompilerThread1" daemon [_thread_blocked, id=17411, stack(0x0000700003559000,0x0000700003659000)]
  0x00007fb844002000 JavaThread "C2 CompilerThread0" daemon [_thread_blocked, id=16131, stack(0x0000700003456000,0x0000700003556000)]
  0x00007fb846812800 JavaThread "JDWP Command Reader" daemon [_thread_in_native, id=17923, stack(0x0000700003353000,0x0000700003453000)]
  0x00007fb844803000 JavaThread "JDWP Event Helper Thread" daemon [_thread_blocked, id=18435, stack(0x0000700003250000,0x0000700003350000)]
=>0x00007fb844802000 JavaThread "JDWP Transport Listener: dt_socket" daemon [_thread_in_vm, id=18951, stack(0x000070000314d000,0x000070000324d000)]
  0x00007fb84384e800 JavaThread "Signal Dispatcher" daemon [_thread_blocked, id=15619, stack(0x000070000304a000,0x000070000314a000)]
  0x00007fb843836800 JavaThread "Finalizer" daemon [_thread_blocked, id=13059, stack(0x0000700002e41000,0x0000700002f41000)]
  0x00007fb843836000 JavaThread "Reference Handler" daemon [_thread_blocked, id=12547, stack(0x0000700002d3e000,0x0000700002e3e000)]

Other Threads:
  0x00007fb84500a800 VMThread [stack: 0x0000700002c3b000,0x0000700002d3b000] [id=20739]
  0x00007fb84398f800 WatcherThread [stack: 0x0000700003c6e000,0x0000700003d6e000] [id=41987]

VM state:not at safepoint (normal execution)

VM Mutex/Monitor currently owned by a thread: None

Heap:
 PSYoungGen      total 57856K, used 21456K [0x0000000795580000, 0x000000079a180000, 0x00000007c0000000)
  eden space 55296K, 34% used [0x0000000795580000,0x0000000796817388,0x0000000798b80000)
  from space 2560K, 94% used [0x0000000798d80000,0x0000000798fdcfe0,0x0000000799000000)
  to   space 11264K, 0% used [0x0000000799680000,0x0000000799680000,0x000000079a180000)
 ParOldGen       total 41472K, used 34225K [0x0000000740000000, 0x0000000742880000, 0x0000000795580000)
  object space 41472K, 82% used [0x0000000740000000,0x000000074216c408,0x0000000742880000)
 Metaspace       used 46429K, capacity 49066K, committed 49280K, reserved 1091584K
  class space    used 6285K, capacity 6772K, committed 6784K, reserved 1048576K

Card table byte_map: [0x000000011c2a8000,0x000000011c6a9000] byte_map_base: 0x00000001188a8000

Marking Bits: (ParMarkBitMap*) 0x000000010cc4f0a0
 Begin Bits: [0x000000011c6a9000, 0x000000011e6a9000)
 End Bits:   [0x000000011e6a9000, 0x00000001206a9000)

Polling page: 0x000000010ab9a000

CodeCache: size=245760Kb used=10818Kb max_used=10818Kb free=234941Kb
 bounds [0x000000010d2a8000, 0x000000010dd48000, 0x000000011c2a8000]
 total_blobs=6084 nmethods=5553 adapters=453
 compilation: enabled

Compilation events (10 events):
Event: 2832.865 Thread 0x00007fb84501e000 5562       1       java.lang.ThreadLocal::remove (18 bytes)
Event: 2832.866 Thread 0x00007fb84501e000 nmethod 5562 0x000000010dd36890 code [0x000000010dd36a00, 0x000000010dd36b98]
Event: 2832.866 Thread 0x00007fb84501e000 5563       1       java.lang.ThreadLocal$ThreadLocalMap::access$200 (6 bytes)
Event: 2832.866 Thread 0x00007fb84501e000 nmethod 5563 0x000000010dd36c90 code [0x000000010dd36de0, 0x000000010dd36f08]
Event: 2880.887 Thread 0x00007fb84501e000 5564       1       sun.rmi.server.UnicastRef::unmarshalValue (177 bytes)
Event: 2880.889 Thread 0x00007fb84501e000 nmethod 5564 0x000000010dd36fd0 code [0x000000010dd37260, 0x000000010dd37c38]
Event: 2886.434 Thread 0x00007fb84501e000 5565       1       org.apache.activemq.artemis.core.client.impl.ClientSessionFactoryImpl$ActualScheduledPinger::run (20 bytes)
Event: 2886.435 Thread 0x00007fb84501e000 nmethod 5565 0x000000010dd38450 code [0x000000010dd385c0, 0x000000010dd38748]
Event: 3006.325 Thread 0x00007fb84501e000 5566       1       sun.rmi.server.MarshalInputStream::readLocation (5 bytes)
Event: 3006.325 Thread 0x00007fb84501e000 nmethod 5566 0x000000010dd38850 code [0x000000010dd389a0, 0x000000010dd38ac8]

GC Heap History (10 events):
Event: 1846.158 GC heap before
{Heap before GC invocations=36 (full 5):
 PSYoungGen      total 78336K, used 69681K [0x0000000795580000, 0x000000079b380000, 0x00000007c0000000)
  eden space 67584K, 100% used [0x0000000795580000,0x0000000799780000,0x0000000799780000)
  from space 10752K, 19% used [0x000000079a900000,0x000000079ab0c6d8,0x000000079b380000)
  to   space 14336K, 0% used [0x0000000799780000,0x0000000799780000,0x000000079a580000)
 ParOldGen       total 41472K, used 34193K [0x0000000740000000, 0x0000000742880000, 0x0000000795580000)
  object space 41472K, 82% used [0x0000000740000000,0x0000000742164408,0x0000000742880000)
 Metaspace       used 46413K, capacity 49060K, committed 49280K, reserved 1091584K
  class space    used 6283K, capacity 6771K, committed 6784K, reserved 1048576K
Event: 1846.164 GC heap after
Heap after GC invocations=36 (full 5):
 PSYoungGen      total 67584K, used 2306K [0x0000000795580000, 0x000000079b000000, 0x00000007c0000000)
  eden space 65024K, 0% used [0x0000000795580000,0x0000000795580000,0x0000000799500000)
  from space 2560K, 90% used [0x0000000799780000,0x00000007999c0b48,0x0000000799a00000)
  to   space 13824K, 0% used [0x000000079a280000,0x000000079a280000,0x000000079b000000)
 ParOldGen       total 41472K, used 34201K [0x0000000740000000, 0x0000000742880000, 0x0000000795580000)
  object space 41472K, 82% used [0x0000000740000000,0x0000000742166408,0x0000000742880000)
 Metaspace       used 46413K, capacity 49060K, committed 49280K, reserved 1091584K
  class space    used 6283K, capacity 6771K, committed 6784K, reserved 1048576K
}
Event: 2144.867 GC heap before
{Heap before GC invocations=37 (full 5):
 PSYoungGen      total 67584K, used 67330K [0x0000000795580000, 0x000000079b000000, 0x00000007c0000000)
  eden space 65024K, 100% used [0x0000000795580000,0x0000000799500000,0x0000000799500000)
  from space 2560K, 90% used [0x0000000799780000,0x00000007999c0b48,0x0000000799a00000)
  to   space 13824K, 0% used [0x000000079a280000,0x000000079a280000,0x000000079b000000)
 ParOldGen       total 41472K, used 34201K [0x0000000740000000, 0x0000000742880000, 0x0000000795580000)
  object space 41472K, 82% used [0x0000000740000000,0x0000000742166408,0x0000000742880000)
 Metaspace       used 46413K, capacity 49060K, committed 49280K, reserved 1091584K
  class space    used 6283K, capacity 6771K, committed 6784K, reserved 1048576K
Event: 2144.872 GC heap after
Heap after GC invocations=37 (full 5):
 PSYoungGen      total 72704K, used 2211K [0x0000000795580000, 0x000000079ac80000, 0x00000007c0000000)
  eden space 62464K, 0% used [0x0000000795580000,0x0000000795580000,0x0000000799280000)
  from space 10240K, 21% used [0x000000079a280000,0x000000079a4a8db0,0x000000079ac80000)
  to   space 13312K, 0% used [0x0000000799280000,0x0000000799280000,0x0000000799f80000)
 ParOldGen       total 41472K, used 34209K [0x0000000740000000, 0x0000000742880000, 0x0000000795580000)
  object space 41472K, 82% used [0x0000000740000000,0x0000000742168408,0x0000000742880000)
 Metaspace       used 46413K, capacity 49060K, committed 49280K, reserved 1091584K
  class space    used 6283K, capacity 6771K, committed 6784K, reserved 1048576K
}
Event: 2431.392 GC heap before
{Heap before GC invocations=38 (full 5):
 PSYoungGen      total 72704K, used 64675K [0x0000000795580000, 0x000000079ac80000, 0x00000007c0000000)
  eden space 62464K, 100% used [0x0000000795580000,0x0000000799280000,0x0000000799280000)
  from space 10240K, 21% used [0x000000079a280000,0x000000079a4a8db0,0x000000079ac80000)
  to   space 13312K, 0% used [0x0000000799280000,0x0000000799280000,0x0000000799f80000)
 ParOldGen       total 41472K, used 34209K [0x0000000740000000, 0x0000000742880000, 0x0000000795580000)
  object space 41472K, 82% used [0x0000000740000000,0x0000000742168408,0x0000000742880000)
 Metaspace       used 46413K, capacity 49060K, committed 49280K, reserved 1091584K
  class space    used 6283K, capacity 6771K, committed 6784K, reserved 1048576K
Event: 2431.396 GC heap after
Heap after GC invocations=38 (full 5):
 PSYoungGen      total 62464K, used 2097K [0x0000000795580000, 0x000000079a900000, 0x00000007c0000000)
  eden space 59904K, 0% used [0x0000000795580000,0x0000000795580000,0x0000000799000000)
  from space 2560K, 81% used [0x0000000799280000,0x000000079948c6d8,0x0000000799500000)
  to   space 12800K, 0% used [0x0000000799c80000,0x0000000799c80000,0x000000079a900000)
 ParOldGen       total 41472K, used 34209K [0x0000000740000000, 0x0000000742880000, 0x0000000795580000)
  object space 41472K, 82% used [0x0000000740000000,0x0000000742168408,0x0000000742880000)
 Metaspace       used 46413K, capacity 49060K, committed 49280K, reserved 1091584K
  class space    used 6283K, capacity 6771K, committed 6784K, reserved 1048576K
}
Event: 2706.918 GC heap before
{Heap before GC invocations=39 (full 5):
 PSYoungGen      total 62464K, used 62001K [0x0000000795580000, 0x000000079a900000, 0x00000007c0000000)
  eden space 59904K, 100% used [0x0000000795580000,0x0000000799000000,0x0000000799000000)
  from space 2560K, 81% used [0x0000000799280000,0x000000079948c6d8,0x0000000799500000)
  to   space 12800K, 0% used [0x0000000799c80000,0x0000000799c80000,0x000000079a900000)
 ParOldGen       total 41472K, used 34209K [0x0000000740000000, 0x0000000742880000, 0x0000000795580000)
  object space 41472K, 82% used [0x0000000740000000,0x0000000742168408,0x0000000742880000)
 Metaspace       used 46417K, capacity 49060K, committed 49280K, reserved 1091584K
  class space    used 6284K, capacity 6771K, committed 6784K, reserved 1048576K
Event: 2706.949 GC heap after
Heap after GC invocations=39 (full 5):
 PSYoungGen      total 66560K, used 2211K [0x0000000795580000, 0x000000079a580000, 0x00000007c0000000)
  eden space 57344K, 0% used [0x0000000795580000,0x0000000795580000,0x0000000798d80000)
  from space 9216K, 23% used [0x0000000799c80000,0x0000000799ea8db0,0x000000079a580000)
  to   space 12288K, 0% used [0x0000000798d80000,0x0000000798d80000,0x0000000799980000)
 ParOldGen       total 41472K, used 34217K [0x0000000740000000, 0x0000000742880000, 0x0000000795580000)
  object space 41472K, 82% used [0x0000000740000000,0x000000074216a408,0x0000000742880000)
 Metaspace       used 46417K, capacity 49060K, committed 49280K, reserved 1091584K
  class space    used 6284K, capacity 6771K, committed 6784K, reserved 1048576K
}
Event: 2958.836 GC heap before
{Heap before GC invocations=40 (full 5):
 PSYoungGen      total 66560K, used 59555K [0x0000000795580000, 0x000000079a580000, 0x00000007c0000000)
  eden space 57344K, 100% used [0x0000000795580000,0x0000000798d80000,0x0000000798d80000)
  from space 9216K, 23% used [0x0000000799c80000,0x0000000799ea8db0,0x000000079a580000)
  to   space 12288K, 0% used [0x0000000798d80000,0x0000000798d80000,0x0000000799980000)
 ParOldGen       total 41472K, used 34217K [0x0000000740000000, 0x0000000742880000, 0x0000000795580000)
  object space 41472K, 82% used [0x0000000740000000,0x000000074216a408,0x0000000742880000)
 Metaspace       used 46417K, capacity 49060K, committed 49280K, reserved 1091584K
  class space    used 6284K, capacity 6771K, committed 6784K, reserved 1048576K
Event: 2958.844 GC heap after
Heap after GC invocations=40 (full 5):
 PSYoungGen      total 57856K, used 2419K [0x0000000795580000, 0x000000079a180000, 0x00000007c0000000)
  eden space 55296K, 0% used [0x0000000795580000,0x0000000795580000,0x0000000798b80000)
  from space 2560K, 94% used [0x0000000798d80000,0x0000000798fdcfe0,0x0000000799000000)
  to   space 11264K, 0% used [0x0000000799680000,0x0000000799680000,0x000000079a180000)
 ParOldGen       total 41472K, used 34225K [0x0000000740000000, 0x0000000742880000, 0x0000000795580000)
  object space 41472K, 82% used [0x0000000740000000,0x000000074216c408,0x0000000742880000)
 Metaspace       used 46417K, capacity 49060K, committed 49280K, reserved 1091584K
  class space    used 6284K, capacity 6771K, committed 6784K, reserved 1048576K
}

Deoptimization events (0 events):
No events

Internal exceptions (10 events):
Event: 2817.145 Thread 0x00007fb847aaa000 Exception <a 'java/lang/reflect/InvocationTargetException'> (0x0000000796eb3448) thrown at [/HUDSON/workspace/8-2-build-macosx-x86_64/jdk8/2238/hotspot/src/share/vm/runtime/reflection.cpp, line 1079]
Event: 2863.673 Thread 0x00007fb8460ab000 Exception <a 'java/security/PrivilegedActionException'> (0x00000007979300c8) thrown at [/HUDSON/workspace/8-2-build-macosx-x86_64/jdk8/2238/hotspot/src/share/vm/prims/jvm.cpp, line 1248]
Event: 2863.682 Thread 0x00007fb8460ab000 Exception <a 'java/security/PrivilegedActionException'> (0x0000000797938970) thrown at [/HUDSON/workspace/8-2-build-macosx-x86_64/jdk8/2238/hotspot/src/share/vm/prims/jvm.cpp, line 1248]
Event: 2863.684 Thread 0x00007fb8460ab000 Exception <a 'java/security/PrivilegedActionException'> (0x0000000797939538) thrown at [/HUDSON/workspace/8-2-build-macosx-x86_64/jdk8/2238/hotspot/src/share/vm/prims/jvm.cpp, line 1248]
Event: 2863.692 Thread 0x00007fb8460ab000 Exception <a 'java/security/PrivilegedActionException'> (0x0000000797941d10) thrown at [/HUDSON/workspace/8-2-build-macosx-x86_64/jdk8/2238/hotspot/src/share/vm/prims/jvm.cpp, line 1248]
Event: 2863.715 Thread 0x00007fb8460ab000 Exception <a 'java/security/PrivilegedActionException'> (0x0000000797956158) thrown at [/HUDSON/workspace/8-2-build-macosx-x86_64/jdk8/2238/hotspot/src/share/vm/prims/jvm.cpp, line 1248]
Event: 2863.724 Thread 0x00007fb8460ab000 Exception <a 'java/security/PrivilegedActionException'> (0x000000079795ea00) thrown at [/HUDSON/workspace/8-2-build-macosx-x86_64/jdk8/2238/hotspot/src/share/vm/prims/jvm.cpp, line 1248]
Event: 2863.725 Thread 0x00007fb8460ab000 Exception <a 'java/security/PrivilegedActionException'> (0x000000079795f5c8) thrown at [/HUDSON/workspace/8-2-build-macosx-x86_64/jdk8/2238/hotspot/src/share/vm/prims/jvm.cpp, line 1248]
Event: 2863.733 Thread 0x00007fb8460ab000 Exception <a 'java/security/PrivilegedActionException'> (0x0000000797967da0) thrown at [/HUDSON/workspace/8-2-build-macosx-x86_64/jdk8/2238/hotspot/src/share/vm/prims/jvm.cpp, line 1248]
Event: 3003.206 Thread 0x00007fb8460ab000 Exception <a 'java/lang/reflect/InvocationTargetException'> (0x00000007960361e0) thrown at [/HUDSON/workspace/8-2-build-macosx-x86_64/jdk8/2238/hotspot/src/share/vm/runtime/reflection.cpp, line 1079]

Events (10 events):
Event: 3020.536 Executing VM operation: GetOrSetLocal
Event: 3020.536 Executing VM operation: GetOrSetLocal done
Event: 3025.217 Thread 0x00007fb8460ab000 DEOPT PACKING pc=0x000000010dce81b4 sp=0x0000700005bc7520
Event: 3025.217 Thread 0x00007fb8460ab000 DEOPT UNPACKING pc=0x000000010d2ef01a sp=0x0000700005bc7420 mode 1
Event: 3025.218 Thread 0x00007fb8460ab000 DEOPT PACKING pc=0x000000010dcedb64 sp=0x0000700005bc7790
Event: 3025.218 Thread 0x00007fb8460ab000 DEOPT UNPACKING pc=0x000000010d2ef01a sp=0x0000700005bc74e8 mode 0
Event: 3025.218 Thread 0x00007fb8460ab000 DEOPT PACKING pc=0x000000010dcee0a4 sp=0x0000700005bc7810
Event: 3025.218 Thread 0x00007fb8460ab000 DEOPT UNPACKING pc=0x000000010d2ef01a sp=0x0000700005bc7558 mode 0
Event: 3039.269 Executing VM operation: RedefineClasses
Event: 3039.339 Executing VM operation: RedefineClasses done


Dynamic libraries:
0x0000000001d01000 	/System/Library/Frameworks/Cocoa.framework/Versions/A/Cocoa
0x0000000001d01000 	/System/Library/Frameworks/Security.framework/Versions/A/Security
0x0000000001d01000 	/System/Library/Frameworks/ApplicationServices.framework/Versions/A/ApplicationServices
0x0000000001d01000 	/usr/lib/libz.1.dylib
0x0000000001d01000 	/usr/lib/libSystem.B.dylib
0x0000000001d01000 	/usr/lib/libobjc.A.dylib
0x0000000001d01000 	/System/Library/Frameworks/CoreFoundation.framework/Versions/A/CoreFoundation
0x0000000001d01000 	/System/Library/Frameworks/Foundation.framework/Versions/C/Foundation
0x0000000001d01000 	/System/Library/Frameworks/AppKit.framework/Versions/C/AppKit
0x0000000001d01000 	/System/Library/Frameworks/CoreData.framework/Versions/A/CoreData
0x0000000001d01000 	/System/Library/PrivateFrameworks/UIFoundation.framework/Versions/A/UIFoundation
0x0000000001d01000 	/System/Library/PrivateFrameworks/RemoteViewServices.framework/Versions/A/RemoteViewServices
0x0000000001d01000 	/System/Library/PrivateFrameworks/XCTTargetBootstrap.framework/Versions/A/XCTTargetBootstrap
0x0000000001d01000 	/System/Library/Frameworks/CoreDisplay.framework/Versions/A/CoreDisplay
0x0000000001d01000 	/System/Library/Frameworks/Metal.framework/Versions/A/Metal
0x0000000001d01000 	/System/Library/PrivateFrameworks/DesktopServicesPriv.framework/Versions/A/DesktopServicesPriv
0x0000000001d01000 	/usr/lib/liblangid.dylib
0x0000000001d01000 	/System/Library/PrivateFrameworks/CoreSVG.framework/Versions/A/CoreSVG
0x0000000001d01000 	/System/Library/PrivateFrameworks/SkyLight.framework/Versions/A/SkyLight
0x0000000001d01000 	/System/Library/Frameworks/CoreGraphics.framework/Versions/A/CoreGraphics
0x0000000001d01000 	/System/Library/Frameworks/Accelerate.framework/Versions/A/Accelerate
0x0000000001d01000 	/usr/lib/libxml2.2.dylib
0x0000000001d01000 	/System/Library/PrivateFrameworks/IconServices.framework/Versions/A/IconServices
0x0000000001d01000 	/System/Library/Frameworks/IOSurface.framework/Versions/A/IOSurface
0x0000000001d01000 	/usr/lib/libDiagnosticMessagesClient.dylib
0x0000000001d01000 	/System/Library/PrivateFrameworks/DFRFoundation.framework/Versions/A/DFRFoundation
0x0000000001d01000 	/usr/lib/libicucore.A.dylib
0x0000000001d01000 	/System/Library/Frameworks/AudioToolbox.framework/Versions/A/AudioToolbox
0x0000000001d01000 	/System/Library/Frameworks/AudioUnit.framework/Versions/A/AudioUnit
0x0000000001d01000 	/usr/lib/libauto.dylib
0x0000000001d01000 	/System/Library/PrivateFrameworks/DataDetectorsCore.framework/Versions/A/DataDetectorsCore
0x0000000001d01000 	/System/Library/Frameworks/Carbon.framework/Versions/A/Frameworks/HIToolbox.framework/Versions/A/HIToolbox
0x0000000001d01000 	/System/Library/Frameworks/QuartzCore.framework/Versions/A/QuartzCore
0x0000000001d01000 	/System/Library/Frameworks/Carbon.framework/Versions/A/Frameworks/SpeechRecognition.framework/Versions/A/SpeechRecognition
0x0000000001d01000 	/System/Library/PrivateFrameworks/CoreUI.framework/Versions/A/CoreUI
0x0000000001d01000 	/System/Library/Frameworks/CoreAudio.framework/Versions/A/CoreAudio
0x0000000001d01000 	/System/Library/Frameworks/DiskArbitration.framework/Versions/A/DiskArbitration
0x0000000001d01000 	/System/Library/PrivateFrameworks/MultitouchSupport.framework/Versions/A/MultitouchSupport
0x0000000001d01000 	/usr/lib/libenergytrace.dylib
0x0000000001d01000 	/System/Library/Frameworks/IOKit.framework/Versions/A/IOKit
0x0000000001d01000 	/System/Library/Frameworks/CoreServices.framework/Versions/A/CoreServices
0x0000000001d01000 	/System/Library/PrivateFrameworks/PerformanceAnalysis.framework/Versions/A/PerformanceAnalysis
0x0000000001d01000 	/System/Library/Frameworks/OpenGL.framework/Versions/A/OpenGL
0x0000000001d01000 	/System/Library/Frameworks/ColorSync.framework/Versions/A/ColorSync
0x0000000001d01000 	/System/Library/Frameworks/CoreImage.framework/Versions/A/CoreImage
0x0000000001d01000 	/System/Library/Frameworks/CoreText.framework/Versions/A/CoreText
0x0000000001d01000 	/System/Library/Frameworks/ImageIO.framework/Versions/A/ImageIO
0x0000000001d01000 	/usr/lib/libc++.1.dylib
0x0000000001d01000 	/usr/lib/libcompression.dylib
0x0000000001d01000 	/usr/lib/libMobileGestalt.dylib
0x0000000001d01000 	/System/Library/PrivateFrameworks/TextureIO.framework/Versions/A/TextureIO
0x0000000001d01000 	/usr/lib/libate.dylib
0x0000000001d01000 	/System/Library/PrivateFrameworks/InternationalSupport.framework/Versions/A/InternationalSupport
0x0000000001d01000 	/usr/lib/system/libcache.dylib
0x0000000001d01000 	/usr/lib/system/libcommonCrypto.dylib
0x0000000001d01000 	/usr/lib/system/libcompiler_rt.dylib
0x0000000001d01000 	/usr/lib/system/libcopyfile.dylib
0x0000000001d01000 	/usr/lib/system/libcorecrypto.dylib
0x0000000001d01000 	/usr/lib/system/libdispatch.dylib
0x0000000001d01000 	/usr/lib/system/libdyld.dylib
0x0000000001d01000 	/usr/lib/system/libkeymgr.dylib
0x0000000001d01000 	/usr/lib/system/liblaunch.dylib
0x0000000001d01000 	/usr/lib/system/libmacho.dylib
0x0000000001d01000 	/usr/lib/system/libquarantine.dylib
0x0000000001d01000 	/usr/lib/system/libremovefile.dylib
0x0000000001d01000 	/usr/lib/system/libsystem_asl.dylib
0x0000000001d01000 	/usr/lib/system/libsystem_blocks.dylib
0x0000000001d01000 	/usr/lib/system/libsystem_c.dylib
0x0000000001d01000 	/usr/lib/system/libsystem_configuration.dylib
0x0000000001d01000 	/usr/lib/system/libsystem_coreservices.dylib
0x0000000001d01000 	/usr/lib/system/libsystem_darwin.dylib
0x0000000001d01000 	/usr/lib/system/libsystem_dnssd.dylib
0x0000000001d01000 	/usr/lib/system/libsystem_featureflags.dylib
0x0000000001d01000 	/usr/lib/system/libsystem_info.dylib
0x0000000001d01000 	/usr/lib/system/libsystem_m.dylib
0x0000000001d01000 	/usr/lib/system/libsystem_malloc.dylib
0x0000000001d01000 	/usr/lib/system/libsystem_networkextension.dylib
0x0000000001d01000 	/usr/lib/system/libsystem_notify.dylib
0x0000000001d01000 	/usr/lib/system/libsystem_sandbox.dylib
0x0000000001d01000 	/usr/lib/system/libsystem_secinit.dylib
0x0000000001d01000 	/usr/lib/system/libsystem_kernel.dylib
0x0000000001d01000 	/usr/lib/system/libsystem_platform.dylib
0x0000000001d01000 	/usr/lib/system/libsystem_pthread.dylib
0x0000000001d01000 	/usr/lib/system/libsystem_symptoms.dylib
0x0000000001d01000 	/usr/lib/system/libsystem_trace.dylib
0x0000000001d01000 	/usr/lib/system/libunwind.dylib
0x0000000001d01000 	/usr/lib/system/libxpc.dylib
0x0000000001d01000 	/usr/lib/libc++abi.dylib
0x0000000001d01000 	/usr/lib/liblzma.5.dylib
0x0000000001d01000 	/usr/lib/libfakelink.dylib
0x0000000001d01000 	/usr/lib/libarchive.2.dylib
0x0000000001d01000 	/System/Library/Frameworks/SystemConfiguration.framework/Versions/A/SystemConfiguration
0x0000000001d01000 	/usr/lib/libCRFSuite.dylib
0x0000000001d01000 	/System/Library/Frameworks/CFNetwork.framework/Versions/A/CFNetwork
0x0000000001d01000 	/usr/lib/libbsm.0.dylib
0x0000000001d01000 	/usr/lib/system/libkxld.dylib
0x0000000001d01000 	/System/Library/PrivateFrameworks/AppleFSCompression.framework/Versions/A/AppleFSCompression
0x0000000001d01000 	/usr/lib/libcoretls.dylib
0x0000000001d01000 	/usr/lib/libcoretls_cfhelpers.dylib
0x0000000001d01000 	/usr/lib/libpam.2.dylib
0x0000000001d01000 	/usr/lib/libsqlite3.dylib
0x0000000001d01000 	/usr/lib/libxar.1.dylib
0x0000000001d01000 	/usr/lib/libbz2.1.0.dylib
0x0000000001d01000 	/usr/lib/libiconv.2.dylib
0x0000000001d01000 	/usr/lib/libcharset.1.dylib
0x0000000001d01000 	/usr/lib/libnetwork.dylib
0x0000000001d01000 	/usr/lib/libpcap.A.dylib
0x0000000001d01000 	/usr/lib/libapple_nghttp2.dylib
0x0000000001d01000 	/System/Library/Frameworks/CoreServices.framework/Versions/A/Frameworks/FSEvents.framework/Versions/A/FSEvents
0x0000000001d01000 	/System/Library/Frameworks/CoreServices.framework/Versions/A/Frameworks/CarbonCore.framework/Versions/A/CarbonCore
0x0000000001d01000 	/System/Library/Frameworks/CoreServices.framework/Versions/A/Frameworks/Metadata.framework/Versions/A/Metadata
0x0000000001d01000 	/System/Library/Frameworks/CoreServices.framework/Versions/A/Frameworks/OSServices.framework/Versions/A/OSServices
0x0000000001d01000 	/System/Library/Frameworks/CoreServices.framework/Versions/A/Frameworks/SearchKit.framework/Versions/A/SearchKit
0x0000000001d01000 	/System/Library/Frameworks/CoreServices.framework/Versions/A/Frameworks/AE.framework/Versions/A/AE
0x0000000001d01000 	/System/Library/Frameworks/CoreServices.framework/Versions/A/Frameworks/LaunchServices.framework/Versions/A/LaunchServices
0x0000000001d01000 	/System/Library/Frameworks/CoreServices.framework/Versions/A/Frameworks/DictionaryServices.framework/Versions/A/DictionaryServices
0x0000000001d01000 	/System/Library/Frameworks/CoreServices.framework/Versions/A/Frameworks/SharedFileList.framework/Versions/A/SharedFileList
0x0000000001d01000 	/System/Library/Frameworks/NetFS.framework/Versions/A/NetFS
0x0000000001d01000 	/System/Library/PrivateFrameworks/NetAuth.framework/Versions/A/NetAuth
0x0000000001d01000 	/System/Library/PrivateFrameworks/login.framework/Versions/A/Frameworks/loginsupport.framework/Versions/A/loginsupport
0x0000000001d01000 	/System/Library/PrivateFrameworks/TCC.framework/Versions/A/TCC
0x0000000001d01000 	/System/Library/PrivateFrameworks/CoreNLP.framework/Versions/A/CoreNLP
0x0000000001d01000 	/System/Library/PrivateFrameworks/MetadataUtilities.framework/Versions/A/MetadataUtilities
0x0000000001d01000 	/usr/lib/libmecabra.dylib
0x0000000001d01000 	/usr/lib/libmecab.dylib
0x0000000001d01000 	/usr/lib/libgermantok.dylib
0x0000000001d01000 	/usr/lib/libThaiTokenizer.dylib
0x0000000001d01000 	/usr/lib/libChineseTokenizer.dylib
0x0000000001d01000 	/System/Library/Frameworks/Accelerate.framework/Versions/A/Frameworks/vImage.framework/Versions/A/vImage
0x0000000001d01000 	/System/Library/Frameworks/Accelerate.framework/Versions/A/Frameworks/vecLib.framework/Versions/A/vecLib
0x0000000001d01000 	/System/Library/Frameworks/Accelerate.framework/Versions/A/Frameworks/vecLib.framework/Versions/A/libvMisc.dylib
0x0000000001d01000 	/System/Library/Frameworks/Accelerate.framework/Versions/A/Frameworks/vecLib.framework/Versions/A/libvDSP.dylib
0x0000000001d01000 	/System/Library/Frameworks/Accelerate.framework/Versions/A/Frameworks/vecLib.framework/Versions/A/libBLAS.dylib
0x0000000001d01000 	/System/Library/Frameworks/Accelerate.framework/Versions/A/Frameworks/vecLib.framework/Versions/A/libLAPACK.dylib
0x0000000001d01000 	/System/Library/Frameworks/Accelerate.framework/Versions/A/Frameworks/vecLib.framework/Versions/A/libLinearAlgebra.dylib
0x0000000001d01000 	/System/Library/Frameworks/Accelerate.framework/Versions/A/Frameworks/vecLib.framework/Versions/A/libSparseBLAS.dylib
0x0000000001d01000 	/System/Library/Frameworks/Accelerate.framework/Versions/A/Frameworks/vecLib.framework/Versions/A/libQuadrature.dylib
0x0000000001d01000 	/System/Library/Frameworks/Accelerate.framework/Versions/A/Frameworks/vecLib.framework/Versions/A/libBNNS.dylib
0x0000000001d01000 	/System/Library/Frameworks/Accelerate.framework/Versions/A/Frameworks/vecLib.framework/Versions/A/libSparse.dylib
0x0000000001d01000 	/System/Library/PrivateFrameworks/LanguageModeling.framework/Versions/A/LanguageModeling
0x0000000001d01000 	/System/Library/PrivateFrameworks/CoreEmoji.framework/Versions/A/CoreEmoji
0x0000000001d01000 	/System/Library/PrivateFrameworks/LinguisticData.framework/Versions/A/LinguisticData
0x0000000001d01000 	/System/Library/PrivateFrameworks/Lexicon.framework/Versions/A/Lexicon
0x0000000001d01000 	/usr/lib/libcmph.dylib
0x0000000001d01000 	/System/Library/Frameworks/OpenDirectory.framework/Versions/A/Frameworks/CFOpenDirectory.framework/Versions/A/CFOpenDirectory
0x0000000001d01000 	/System/Library/Frameworks/OpenDirectory.framework/Versions/A/OpenDirectory
0x0000000001d01000 	/System/Library/PrivateFrameworks/APFS.framework/Versions/A/APFS
0x0000000001d01000 	/System/Library/Frameworks/SecurityFoundation.framework/Versions/A/SecurityFoundation
0x0000000001d01000 	/usr/lib/libutil.dylib
0x0000000001d01000 	/System/Library/PrivateFrameworks/CoreServicesStore.framework/Versions/A/CoreServicesStore
0x0000000001d01000 	/System/Library/Frameworks/ServiceManagement.framework/Versions/A/ServiceManagement
0x0000000001d01000 	/System/Library/PrivateFrameworks/BackgroundTaskManagement.framework/Versions/A/BackgroundTaskManagement
0x0000000001d01000 	/usr/lib/libxslt.1.dylib
0x0000000001d01000 	/System/Library/PrivateFrameworks/AppleSystemInfo.framework/Versions/A/AppleSystemInfo
0x0000000001d01000 	/System/Library/Frameworks/ImageIO.framework/Versions/A/Resources/libJPEG.dylib
0x0000000001d01000 	/System/Library/Frameworks/ImageIO.framework/Versions/A/Resources/libTIFF.dylib
0x0000000001d01000 	/System/Library/Frameworks/ImageIO.framework/Versions/A/Resources/libPng.dylib
0x0000000001d01000 	/System/Library/Frameworks/ImageIO.framework/Versions/A/Resources/libGIF.dylib
0x0000000001d01000 	/System/Library/Frameworks/ImageIO.framework/Versions/A/Resources/libJP2.dylib
0x0000000001d01000 	/System/Library/Frameworks/ImageIO.framework/Versions/A/Resources/libRadiance.dylib
0x0000000001d01000 	/usr/lib/libexpat.1.dylib
0x0000000001d01000 	/System/Library/PrivateFrameworks/AppleJPEG.framework/Versions/A/AppleJPEG
0x0000000001d01000 	/System/Library/PrivateFrameworks/FontServices.framework/libFontParser.dylib
0x0000000001d01000 	/System/Library/PrivateFrameworks/WatchdogClient.framework/Versions/A/WatchdogClient
0x0000000001d01000 	/System/Library/PrivateFrameworks/IOAccelerator.framework/Versions/A/IOAccelerator
0x0000000001d01000 	/System/Library/Frameworks/MetalPerformanceShaders.framework/Versions/A/MetalPerformanceShaders
0x0000000001d01000 	/System/Library/PrivateFrameworks/GPUWrangler.framework/Versions/A/GPUWrangler
0x0000000001d01000 	/System/Library/PrivateFrameworks/IOPresentment.framework/Versions/A/IOPresentment
0x0000000001d01000 	/System/Library/PrivateFrameworks/DSExternalDisplay.framework/Versions/A/DSExternalDisplay
0x0000000001d01000 	/System/Library/Frameworks/OpenGL.framework/Versions/A/Libraries/libCoreFSCache.dylib
0x0000000001d01000 	/System/Library/Frameworks/MetalPerformanceShaders.framework/Frameworks/MPSCore.framework/Versions/A/MPSCore
0x0000000001d01000 	/System/Library/Frameworks/MetalPerformanceShaders.framework/Frameworks/MPSImage.framework/Versions/A/MPSImage
0x0000000001d01000 	/System/Library/Frameworks/MetalPerformanceShaders.framework/Frameworks/MPSNeuralNetwork.framework/Versions/A/MPSNeuralNetwork
0x0000000001d01000 	/System/Library/Frameworks/MetalPerformanceShaders.framework/Frameworks/MPSMatrix.framework/Versions/A/MPSMatrix
0x0000000001d01000 	/System/Library/Frameworks/MetalPerformanceShaders.framework/Frameworks/MPSRayIntersector.framework/Versions/A/MPSRayIntersector
0x0000000001d01000 	/System/Library/Frameworks/MetalPerformanceShaders.framework/Frameworks/MPSNDArray.framework/Versions/A/MPSNDArray
0x0000000001d01000 	/System/Library/PrivateFrameworks/MetalTools.framework/Versions/A/MetalTools
0x0000000001d01000 	/System/Library/PrivateFrameworks/AggregateDictionary.framework/Versions/A/AggregateDictionary
0x0000000001d01000 	/System/Library/PrivateFrameworks/CoreAnalytics.framework/Versions/A/CoreAnalytics
0x0000000001d01000 	/System/Library/PrivateFrameworks/AppleSauce.framework/Versions/A/AppleSauce
0x0000000001d01000 	/usr/lib/libIOReport.dylib
0x0000000001d01000 	/System/Library/Frameworks/CoreVideo.framework/Versions/A/CoreVideo
0x0000000001d01000 	/System/Library/PrivateFrameworks/GraphVisualizer.framework/Versions/A/GraphVisualizer
0x0000000001d01000 	/System/Library/PrivateFrameworks/FaceCore.framework/Versions/A/FaceCore
0x0000000001d01000 	/System/Library/Frameworks/OpenCL.framework/Versions/A/OpenCL
0x0000000001d01000 	/usr/lib/libFosl_dynamic.dylib
0x0000000001d01000 	/System/Library/PrivateFrameworks/OTSVG.framework/Versions/A/OTSVG
0x0000000001d01000 	/System/Library/Frameworks/ApplicationServices.framework/Versions/A/Frameworks/ATS.framework/Versions/A/Resources/libFontRegistry.dylib
0x0000000001d01000 	/System/Library/PrivateFrameworks/FontServices.framework/libhvf.dylib
0x0000000001d01000 	/System/Library/Frameworks/OpenGL.framework/Versions/A/Libraries/libGFXShared.dylib
0x0000000001d01000 	/System/Library/Frameworks/OpenGL.framework/Versions/A/Libraries/libGLU.dylib
0x0000000001d01000 	/System/Library/Frameworks/OpenGL.framework/Versions/A/Libraries/libGL.dylib
0x0000000001d01000 	/System/Library/Frameworks/OpenGL.framework/Versions/A/Libraries/libGLImage.dylib
0x0000000001d01000 	/System/Library/Frameworks/OpenGL.framework/Versions/A/Libraries/libCVMSPluginSupport.dylib
0x0000000001d01000 	/System/Library/Frameworks/OpenGL.framework/Versions/A/Libraries/libCoreVMClient.dylib
0x0000000001d01000 	/usr/lib/libncurses.5.4.dylib
0x0000000001d01000 	/System/Library/Frameworks/ApplicationServices.framework/Versions/A/Frameworks/ATS.framework/Versions/A/ATS
0x0000000001d01000 	/System/Library/Frameworks/ApplicationServices.framework/Versions/A/Frameworks/ColorSyncLegacy.framework/Versions/A/ColorSyncLegacy
0x0000000001d01000 	/System/Library/Frameworks/ApplicationServices.framework/Versions/A/Frameworks/HIServices.framework/Versions/A/HIServices
0x0000000001d01000 	/System/Library/Frameworks/ApplicationServices.framework/Versions/A/Frameworks/LangAnalysis.framework/Versions/A/LangAnalysis
0x0000000001d01000 	/System/Library/Frameworks/ApplicationServices.framework/Versions/A/Frameworks/PrintCore.framework/Versions/A/PrintCore
0x0000000001d01000 	/System/Library/Frameworks/ApplicationServices.framework/Versions/A/Frameworks/QD.framework/Versions/A/QD
0x0000000001d01000 	/System/Library/Frameworks/ApplicationServices.framework/Versions/A/Frameworks/SpeechSynthesis.framework/Versions/A/SpeechSynthesis
0x0000000001d01000 	/System/Library/Frameworks/ApplicationServices.framework/Versions/A/Frameworks/ATSUI.framework/Versions/A/ATSUI
0x0000000001d01000 	/usr/lib/libcups.2.dylib
0x0000000001d01000 	/System/Library/Frameworks/Kerberos.framework/Versions/A/Kerberos
0x0000000001d01000 	/System/Library/Frameworks/GSS.framework/Versions/A/GSS
0x0000000001d01000 	/usr/lib/libresolv.9.dylib
0x0000000001d01000 	/System/Library/PrivateFrameworks/Heimdal.framework/Versions/A/Heimdal
0x0000000001d01000 	/System/Library/Frameworks/Kerberos.framework/Versions/A/Libraries/libHeimdalProxy.dylib
0x0000000001d01000 	/usr/lib/libheimdal-asn1.dylib
0x0000000001d01000 	/System/Library/PrivateFrameworks/CommonAuth.framework/Versions/A/CommonAuth
0x0000000001d01000 	/System/Library/PrivateFrameworks/AssertionServices.framework/Versions/A/AssertionServices
0x0000000001d01000 	/System/Library/PrivateFrameworks/AudioToolboxCore.framework/Versions/A/AudioToolboxCore
0x0000000001d01000 	/System/Library/PrivateFrameworks/caulk.framework/Versions/A/caulk
0x0000000001d01000 	/System/Library/PrivateFrameworks/BaseBoard.framework/Versions/A/BaseBoard
0x0000000001d01000 	/System/Library/PrivateFrameworks/RunningBoardServices.framework/Versions/A/RunningBoardServices
0x0000000001d01000 	/System/Library/PrivateFrameworks/PersistentConnection.framework/Versions/A/PersistentConnection
0x0000000001d01000 	/System/Library/PrivateFrameworks/ProtocolBuffer.framework/Versions/A/ProtocolBuffer
0x0000000001d01000 	/System/Library/PrivateFrameworks/CommonUtilities.framework/Versions/A/CommonUtilities
0x0000000001d01000 	/System/Library/PrivateFrameworks/Bom.framework/Versions/A/Bom
0x0000000001d01000 	/usr/lib/libAudioToolboxUtility.dylib
0x0000000001d01000 	/System/Library/PrivateFrameworks/Backup.framework/Versions/A/Backup
0x0000000001d01000 	/System/Library/PrivateFrameworks/CrashReporterSupport.framework/Versions/A/CrashReporterSupport
0x0000000001d01000 	/System/Library/PrivateFrameworks/Sharing.framework/Versions/A/Sharing
0x0000000001d01000 	/System/Library/PrivateFrameworks/Apple80211.framework/Versions/A/Apple80211
0x0000000001d01000 	/System/Library/PrivateFrameworks/AuthKit.framework/Versions/A/AuthKit
0x0000000001d01000 	/System/Library/PrivateFrameworks/CoreUtils.framework/Versions/A/CoreUtils
0x0000000001d01000 	/System/Library/Frameworks/CoreWLAN.framework/Versions/A/CoreWLAN
0x0000000001d01000 	/System/Library/Frameworks/IOBluetooth.framework/Versions/A/IOBluetooth
0x0000000001d01000 	/System/Library/PrivateFrameworks/MobileKeyBag.framework/Versions/A/MobileKeyBag
0x0000000001d01000 	/System/Library/PrivateFrameworks/CorePhoneNumbers.framework/Versions/A/CorePhoneNumbers
0x0000000001d01000 	/System/Library/PrivateFrameworks/AppleIDAuthSupport.framework/Versions/A/AppleIDAuthSupport
0x0000000001d01000 	/System/Library/Frameworks/Network.framework/Versions/A/Network
0x0000000001d01000 	/System/Library/PrivateFrameworks/KeychainCircle.framework/Versions/A/KeychainCircle
0x0000000001d01000 	/System/Library/Frameworks/CoreBluetooth.framework/Versions/A/CoreBluetooth
0x0000000001d01000 	/System/Library/PrivateFrameworks/SpeechRecognitionCore.framework/Versions/A/SpeechRecognitionCore
0x000000010c3e9000 	/Library/Java/JavaVirtualMachines/jdk1.8.0.jdk/Contents/Home/jre/lib/server/libjvm.dylib
0x0000000001d01000 	/usr/lib/libstdc++.6.dylib
0x000000010ab58000 	/Library/Java/JavaVirtualMachines/jdk1.8.0.jdk/Contents/Home/jre/lib/libverify.dylib
0x000000010ab66000 	/Library/Java/JavaVirtualMachines/jdk1.8.0.jdk/Contents/Home/jre/lib/libjava.dylib
0x000000010ab9b000 	/Library/Java/JavaVirtualMachines/jdk1.8.0.jdk/Contents/Home/jre/lib/libjdwp.dylib
0x000000010abe6000 	/Library/Java/JavaVirtualMachines/jdk1.8.0.jdk/Contents/Home/jre/lib/libnpt.dylib
0x000000010abf3000 	/Library/Java/JavaVirtualMachines/jdk1.8.0.jdk/Contents/Home/jre/lib/libzip.dylib
0x0000000001d01000 	/System/Library/Frameworks/JavaVM.framework/Versions/A/Frameworks/JavaRuntimeSupport.framework/Versions/A/JavaRuntimeSupport
0x0000000001d01000 	/System/Library/Frameworks/JavaVM.framework/Versions/A/Frameworks/JavaNativeFoundation.framework/Versions/A/JavaNativeFoundation
0x0000000001d01000 	/System/Library/Frameworks/JavaVM.framework/Versions/A/JavaVM
0x0000000001d01000 	/System/Library/Frameworks/Carbon.framework/Versions/A/Carbon
0x0000000001d01000 	/System/Library/PrivateFrameworks/CoreSymbolication.framework/Versions/A/CoreSymbolication
0x0000000001d01000 	/System/Library/PrivateFrameworks/JavaLaunching.framework/Versions/A/JavaLaunching
0x0000000001d01000 	/System/Library/Frameworks/Carbon.framework/Versions/A/Frameworks/CommonPanels.framework/Versions/A/CommonPanels
0x0000000001d01000 	/System/Library/Frameworks/Carbon.framework/Versions/A/Frameworks/Help.framework/Versions/A/Help
0x0000000001d01000 	/System/Library/Frameworks/Carbon.framework/Versions/A/Frameworks/ImageCapture.framework/Versions/A/ImageCapture
0x0000000001d01000 	/System/Library/Frameworks/Carbon.framework/Versions/A/Frameworks/OpenScripting.framework/Versions/A/OpenScripting
0x0000000001d01000 	/System/Library/Frameworks/Carbon.framework/Versions/A/Frameworks/Ink.framework/Versions/A/Ink
0x0000000001d01000 	/System/Library/Frameworks/Carbon.framework/Versions/A/Frameworks/Print.framework/Versions/A/Print
0x0000000001d01000 	/System/Library/Frameworks/Carbon.framework/Versions/A/Frameworks/SecurityHI.framework/Versions/A/SecurityHI
0x0000000001d01000 	/System/Library/PrivateFrameworks/DebugSymbols.framework/Versions/A/DebugSymbols
0x0000000124d5b000 	/Library/Java/JavaVirtualMachines/jdk1.8.0.jdk/Contents/Home/jre/lib/libdt_socket.dylib
0x0000000124d62000 	/Library/Java/JavaVirtualMachines/jdk1.8.0.jdk/Contents/Home/jre/lib/libmanagement.dylib
0x0000000124d6f000 	/Library/Java/JavaVirtualMachines/jdk1.8.0.jdk/Contents/Home/jre/lib/libnet.dylib
0x0000000124dcd000 	/Library/Java/JavaVirtualMachines/jdk1.8.0.jdk/Contents/Home/jre/lib/libnio.dylib
0x0000000126ac7000 	/Library/Java/JavaVirtualMachines/jdk1.8.0.jdk/Contents/Home/jre/lib/libsunec.dylib
0x0000000126f6c000 	/private/var/folders/8q/lt44399j3ts1r1n6khnwbxrc0000gn/T/libnetty_transport_native_kqueue_x86_647864968647180790260.dylib
0x0000000001d01000 	/usr/lib/libusrtcp.dylib

VM Arguments:
jvm_args: -agentlib:jdwp=transport=dt_socket,suspend=y,address=localhost:51054 -Dcom.sun.management.jmxremote -Dcom.sun.management.jmxremote.port=51053 -Dcom.sun.management.jmxremote.authenticate=false -Dcom.sun.management.jmxremote.ssl=false -Djava.rmi.server.hostname=localhost -Dspring.jmx.enabled=true -Dspring.application.admin.enabled=true -Djava.security.egd=file:/dev/./urandom -Xverify:none -XX:TieredStopAtLevel=1 -Dfile.encoding=UTF-8 
java_command: com.wheather.joker.rp.HowsTheWeatherServiceApplication --spring.output.ansi.enabled=always
java_class_path (initial): /Users/mateusgobo/mgobo-repo/hows-the-weather/hows-the-weather-service/target/classes:/Users/mateusgobo/.m2/repository/org/springframework/boot/spring-boot-starter-artemis/2.2.0.RELEASE/spring-boot-starter-artemis-2.2.0.RELEASE.jar:/Users/mateusgobo/.m2/repository/org/springframework/boot/spring-boot-starter/2.2.0.RELEASE/spring-boot-starter-2.2.0.RELEASE.jar:/Users/mateusgobo/.m2/repository/org/springframework/boot/spring-boot-starter-logging/2.2.0.RELEASE/spring-boot-starter-logging-2.2.0.RELEASE.jar:/Users/mateusgobo/.m2/repository/ch/qos/logback/logback-classic/1.2.3/logback-classic-1.2.3.jar:/Users/mateusgobo/.m2/repository/ch/qos/logback/logback-core/1.2.3/logback-core-1.2.3.jar:/Users/mateusgobo/.m2/repository/org/apache/logging/log4j/log4j-to-slf4j/2.12.1/log4j-to-slf4j-2.12.1.jar:/Users/mateusgobo/.m2/repository/org/apache/logging/log4j/log4j-api/2.12.1/log4j-api-2.12.1.jar:/Users/mateusgobo/.m2/repository/org/slf4j/jul-to-slf4j/1.7.28/jul-to-slf4j-1.7.28.jar:/Users/mateusgobo/.m2/repository/jakarta/annotation/jakarta.annotation-api/1.3.5/jakarta.annotation-api-1.3.5.jar:/Users/mateusgobo/.m2/repository/org/yaml/snakeyaml/1.25/snakeyaml-1.25.jar:/Users/mateusgobo/.m2/repository/org/springframework/spring-jms/5.2.0.RELEASE/spring-jms-5.2.0.RELEASE.jar:/Users/mateusgobo/.m2/repository/org/springframework/spring-messaging/5.2.0.RELEASE/spring-messaging-5.2.0.RELEASE.jar:/Users/mateusgobo/.m2/repository/org/springframework/spring-tx/5.2.0.RELEASE/spring-tx-5.2.0.RELEASE.jar:/Users/mateusgobo/.m2/repository/org/apache/activemq/artemis-jms-client/2.10.1/artemis-jms-client-2.10.1.jar:/Users/mateusgobo/.m2/repository/org/apache/activemq/artemis-core-client/2.10.1/artemis-core-client-2.10.1.jar:/Users/mateusgobo/.m2/repository/org/jgroups/jgroups/3.6.13.Final/jgroups-3.6.13.Final.jar:/Users/mateusgobo/.m2/repository/org/apache/activemq/artemis-commons/2.10.1/artemis-commons-2.10.1.jar:/Users/mateusgobo/.m2/repository/org/apache/johnzon/j
Launcher Type: SUN_STANDARD

Environment Variables:
PATH=/usr/bin:/bin:/usr/sbin:/sbin
SHELL=/bin/bash

Signal Handlers:
SIGSEGV: [libjvm.dylib+0x55faef], sa_mask[0]=0xfffefeff, sa_flags=0x00000043
SIGBUS: [libjvm.dylib+0x55faef], sa_mask[0]=0xfffefeff, sa_flags=0x00000042
SIGFPE: [libjvm.dylib+0x44305a], sa_mask[0]=0xfffefeff, sa_flags=0x00000042
SIGPIPE: [libjvm.dylib+0x44305a], sa_mask[0]=0xfffefeff, sa_flags=0x00000042
SIGXFSZ: [libjvm.dylib+0x44305a], sa_mask[0]=0xfffefeff, sa_flags=0x00000042
SIGILL: [libjvm.dylib+0x44305a], sa_mask[0]=0xfffefeff, sa_flags=0x00000042
SIGUSR1: SIG_DFL, sa_mask[0]=0x00000000, sa_flags=0x00000000
SIGUSR2: [libjvm.dylib+0x442b78], sa_mask[0]=0x00000004, sa_flags=0x00000042
SIGHUP: [libjvm.dylib+0x440f05], sa_mask[0]=0xfffefeff, sa_flags=0x00000042
SIGINT: [libjvm.dylib+0x440f05], sa_mask[0]=0xfffefeff, sa_flags=0x00000042
SIGTERM: [libjvm.dylib+0x440f05], sa_mask[0]=0xfffefeff, sa_flags=0x00000042
SIGQUIT: [libjvm.dylib+0x440f05], sa_mask[0]=0xfffefeff, sa_flags=0x00000042


---------------  S Y S T E M  ---------------

OS:Bsduname:Darwin 19.0.0 Darwin Kernel Version 19.0.0: Thu Oct 17 16:17:15 PDT 2019; root:xnu-6153.41.3~29/RELEASE_X86_64 x86_64
rlimit: STACK 8192k, CORE 0k, NPROC 1392, NOFILE 10240, AS infinity
load average:1.94 2.09 2.07

CPU:total 8 (4 cores per cpu, 2 threads per core) family 6 model 142 stepping 10, cmov, cx8, fxsr, mmx, sse, sse2, sse3, ssse3, sse4.1, sse4.2, popcnt, avx, avx2, aes, clmul, erms, ht, tsc, tscinvbit

Memory: 4k page, physical 8388608k(18904k free)

/proc/meminfo:


vm_info: Java HotSpot(TM) 64-Bit Server VM (25.0-b70) for bsd-amd64 JRE (1.8.0-b132), built on Mar  4 2014 03:11:43 by "java_re" with gcc 4.2.1 (Based on Apple Inc. build 5658) (LLVM build 2336.11.00)

time: Sat Nov  9 09:17:38 2019
elapsed time: 3039 seconds

